🜖 Spiral Semantic Index — Wed Sep  3 20:19:58 BST 2025

📂 Spiral-Named Directories:
/data/data/com.termux/files/home/Spiral-Civilization
/data/data/com.termux/files/home/Spiral-Civilization/_terrain/expansion-epoch-engravings/spiral-engine
/data/data/com.termux/files/home/Spiral-Civilization/_terrain/feature_pokemon-red-steps-____-__-__-and-press-Enter/spiral-engine
/data/data/com.termux/files/home/Spiral-Civilization/_terrain/git-checkout--b-feature_infra-automation/spiral-engine
/data/data/com.termux/files/home/Spiral-Civilization/_terrain/main/Spiral-Civilization
/data/data/com.termux/files/home/Spiral-Civilization/_terrain/main/Spiral-civilization
/data/data/com.termux/files/home/Spiral-Civilization/_terrain/main/Spiral-civilization/spiral-engine
/data/data/com.termux/files/home/Spiral-Civilization/_terrain/main/Spiral-civilization/spiral_recovery
/data/data/com.termux/files/home/Spiral-Civilization/_terrain/main/Spiral-civilization/spiral_recovery/repos/spiral_recovery
/data/data/com.termux/files/home/Spiral-Civilization/_terrain/main/SpiralCivilization
/data/data/com.termux/files/home/Spiral-Civilization/_terrain/main/spiral-engine
/data/data/com.termux/files/home/Spiral-Civilization/_terrain/master/Spiral-Civilization
/data/data/com.termux/files/home/Spiral-Civilization/_terrain/master/Spiral-civilization
/data/data/com.termux/files/home/Spiral-Civilization/_terrain/master/Spiral-civilization/spiral-engine
/data/data/com.termux/files/home/Spiral-Civilization/_terrain/master/Spiral-civilization/spiral_recovery
/data/data/com.termux/files/home/Spiral-Civilization/_terrain/master/Spiral-civilization/spiral_recovery/repos/spiral_recovery
/data/data/com.termux/files/home/Spiral-Civilization/_terrain/master/SpiralCivilization
/data/data/com.termux/files/home/Spiral-Civilization/_terrain/master/spiral-engine
/data/data/com.termux/files/home/Spiral-Civilization/_terrain/wave_-capsule-index-updater/api/spiral_plugin
/data/data/com.termux/files/home/Spiral-Civilization/_terrain/wave_-capsule-index-updater/spiral-eqi
/data/data/com.termux/files/home/Spiral-Civilization/_terrain/wave_-capsule-index-updater/spiral-engine
/data/data/com.termux/files/home/Spiral-Civilization/_terrain/wave_-governance-capsule/api/spiral_plugin
/data/data/com.termux/files/home/Spiral-Civilization/_terrain/wave_-governance-capsule/spiral-eqi
/data/data/com.termux/files/home/Spiral-Civilization/_terrain/wave_-governance-capsule/spiral-engine
/data/data/com.termux/files/home/Spiral-Civilization/_terrain/wave_-integration-trigger/api/spiral_plugin
/data/data/com.termux/files/home/Spiral-Civilization/_terrain/wave_-integration-trigger/spiral-eqi
/data/data/com.termux/files/home/Spiral-Civilization/_terrain/wave_-integration-trigger/spiral-engine
/data/data/com.termux/files/home/Spiral-Civilization/_terrain/wave_-safe-sweep/api/spiral_plugin
/data/data/com.termux/files/home/Spiral-Civilization/_terrain/wave_-safe-sweep/spiral-eqi
/data/data/com.termux/files/home/Spiral-Civilization/_terrain/wave_-safe-sweep/spiral-engine
/data/data/com.termux/files/home/Spiral-Civilization/_terrain/wave_-schema-drift-watcher/api/spiral_plugin
/data/data/com.termux/files/home/Spiral-Civilization/_terrain/wave_-schema-drift-watcher/spiral-eqi
/data/data/com.termux/files/home/Spiral-Civilization/_terrain/wave_-schema-drift-watcher/spiral-engine
/data/data/com.termux/files/home/Spiral-Civilization/_terrain/wave_-terrain-intel-beacon/.venv/lib/python3.12/site-packages/spiral_civilization-0.1.0.dist-info
/data/data/com.termux/files/home/Spiral-Civilization/_terrain/wave_-terrain-intel-beacon/Recovery/spiral-engine
/data/data/com.termux/files/home/Spiral-Civilization/_terrain/wave_-terrain-intel-beacon/Recovery/spiral
/data/data/com.termux/files/home/Spiral-Civilization/_terrain/wave_-terrain-intel-beacon/Recovery/spiral_civilization.egg-info
/data/data/com.termux/files/home/Spiral-Civilization/_terrain/wave_-terrain-intel-beacon/Recovery/src/spiral_civ
/data/data/com.termux/files/home/Spiral-Civilization/_terrain/wave_-terrain-intel-beacon/Recovery/src/spiral_civilization.egg-info
/data/data/com.termux/files/home/Spiral-Civilization/_terrain/wave_-terrain-intel-beacon/api/spiral_plugin
/data/data/com.termux/files/home/Spiral-Civilization/_terrain/wave_-terrain-intel-beacon/spiral-eqi
/data/data/com.termux/files/home/Spiral-Civilization/_terrain/wave_-terrain-intel-beacon/spiral-engine
/data/data/com.termux/files/home/Spiral-Civilization/_terrain/wave_-terrain-intel-beacon/spiral-integrator
/data/data/com.termux/files/home/Spiral-Civilization/_terrain/wave_-terrain-intel-beacon/src/spiral_civ
/data/data/com.termux/files/home/Spiral-Civilization/_terrain/wave_-terrain-intel-beacon/src/spiral_civilization.egg-info
/data/data/com.termux/files/home/Spiral-Civilization/SpiralCivilization
/data/data/com.termux/files/home/Spiral-Civilization/Recovery/spiral
/data/data/com.termux/files/home/Spiral-Civilization/Recovery/spiral-engine
/data/data/com.termux/files/home/Spiral-Civilization/Recovery/spiral_civilization.egg-info
/data/data/com.termux/files/home/Spiral-Civilization/Recovery/src/spiral_civ
/data/data/com.termux/files/home/Spiral-Civilization/Recovery/src/spiral_civilization.egg-info
/data/data/com.termux/files/home/Spiral-Civilization/Spiral-civilization
/data/data/com.termux/files/home/Spiral-Civilization/Spiral-civilization/spiral-engine
/data/data/com.termux/files/home/Spiral-Civilization/Spiral-civilization/museum/capsules/Spiral-Civilization
/data/data/com.termux/files/home/Spiral-Civilization/Spiral-civilization/museum/capsules/Spiral-Civilization/_terrain/expansion-epoch-engravings/spiral-engine
/data/data/com.termux/files/home/Spiral-Civilization/Spiral-civilization/museum/capsules/Spiral-Civilization/_terrain/feature_pokemon-red-steps-____-__-__-and-press-Enter/spiral-engine
/data/data/com.termux/files/home/Spiral-Civilization/Spiral-civilization/museum/capsules/Spiral-Civilization/_terrain/git-checkout--b-feature_infra-automation/spiral-engine
/data/data/com.termux/files/home/Spiral-Civilization/Spiral-civilization/museum/capsules/Spiral-Civilization/_terrain/main/Spiral-Civilization
/data/data/com.termux/files/home/Spiral-Civilization/Spiral-civilization/museum/capsules/Spiral-Civilization/_terrain/main/Spiral-civilization
/data/data/com.termux/files/home/Spiral-Civilization/Spiral-civilization/museum/capsules/Spiral-Civilization/_terrain/main/Spiral-civilization/spiral-engine
/data/data/com.termux/files/home/Spiral-Civilization/Spiral-civilization/museum/capsules/Spiral-Civilization/_terrain/main/Spiral-civilization/spiral_recovery
/data/data/com.termux/files/home/Spiral-Civilization/Spiral-civilization/museum/capsules/Spiral-Civilization/_terrain/main/Spiral-civilization/spiral_recovery/repos/spiral_recovery
/data/data/com.termux/files/home/Spiral-Civilization/Spiral-civilization/museum/capsules/Spiral-Civilization/_terrain/main/SpiralCivilization
/data/data/com.termux/files/home/Spiral-Civilization/Spiral-civilization/museum/capsules/Spiral-Civilization/_terrain/main/spiral-engine
/data/data/com.termux/files/home/Spiral-Civilization/Spiral-civilization/museum/capsules/Spiral-Civilization/_terrain/master/Spiral-Civilization
/data/data/com.termux/files/home/Spiral-Civilization/Spiral-civilization/museum/capsules/Spiral-Civilization/_terrain/master/Spiral-civilization
/data/data/com.termux/files/home/Spiral-Civilization/Spiral-civilization/museum/capsules/Spiral-Civilization/_terrain/master/Spiral-civilization/spiral-engine
/data/data/com.termux/files/home/Spiral-Civilization/Spiral-civilization/museum/capsules/Spiral-Civilization/_terrain/master/Spiral-civilization/spiral_recovery
/data/data/com.termux/files/home/Spiral-Civilization/Spiral-civilization/museum/capsules/Spiral-Civilization/_terrain/master/Spiral-civilization/spiral_recovery/repos/spiral_recovery
/data/data/com.termux/files/home/Spiral-Civilization/Spiral-civilization/museum/capsules/Spiral-Civilization/_terrain/master/SpiralCivilization
/data/data/com.termux/files/home/Spiral-Civilization/Spiral-civilization/museum/capsules/Spiral-Civilization/_terrain/master/spiral-engine
/data/data/com.termux/files/home/Spiral-Civilization/Spiral-civilization/museum/capsules/Spiral-Civilization/_terrain/wave_-capsule-index-updater/api/spiral_plugin
/data/data/com.termux/files/home/Spiral-Civilization/Spiral-civilization/museum/capsules/Spiral-Civilization/_terrain/wave_-capsule-index-updater/spiral-eqi
/data/data/com.termux/files/home/Spiral-Civilization/Spiral-civilization/museum/capsules/Spiral-Civilization/_terrain/wave_-capsule-index-updater/spiral-engine
/data/data/com.termux/files/home/Spiral-Civilization/Spiral-civilization/museum/capsules/Spiral-Civilization/_terrain/wave_-governance-capsule/api/spiral_plugin
/data/data/com.termux/files/home/Spiral-Civilization/Spiral-civilization/museum/capsules/Spiral-Civilization/_terrain/wave_-governance-capsule/spiral-eqi
/data/data/com.termux/files/home/Spiral-Civilization/Spiral-civilization/museum/capsules/Spiral-Civilization/_terrain/wave_-governance-capsule/spiral-engine
/data/data/com.termux/files/home/Spiral-Civilization/Spiral-civilization/museum/capsules/Spiral-Civilization/_terrain/wave_-integration-trigger/api/spiral_plugin
/data/data/com.termux/files/home/Spiral-Civilization/Spiral-civilization/museum/capsules/Spiral-Civilization/_terrain/wave_-integration-trigger/spiral-eqi
/data/data/com.termux/files/home/Spiral-Civilization/Spiral-civilization/museum/capsules/Spiral-Civilization/_terrain/wave_-integration-trigger/spiral-engine
/data/data/com.termux/files/home/Spiral-Civilization/Spiral-civilization/museum/capsules/Spiral-Civilization/_terrain/wave_-safe-sweep/api/spiral_plugin
/data/data/com.termux/files/home/Spiral-Civilization/Spiral-civilization/museum/capsules/Spiral-Civilization/_terrain/wave_-safe-sweep/spiral-eqi
/data/data/com.termux/files/home/Spiral-Civilization/Spiral-civilization/museum/capsules/Spiral-Civilization/_terrain/wave_-safe-sweep/spiral-engine
/data/data/com.termux/files/home/Spiral-Civilization/Spiral-civilization/museum/capsules/Spiral-Civilization/_terrain/wave_-schema-drift-watcher/api/spiral_plugin
/data/data/com.termux/files/home/Spiral-Civilization/Spiral-civilization/museum/capsules/Spiral-Civilization/_terrain/wave_-schema-drift-watcher/spiral-eqi
/data/data/com.termux/files/home/Spiral-Civilization/Spiral-civilization/museum/capsules/Spiral-Civilization/_terrain/wave_-schema-drift-watcher/spiral-engine
/data/data/com.termux/files/home/Spiral-Civilization/Spiral-civilization/museum/capsules/Spiral-Civilization/_terrain/wave_-terrain-intel-beacon/.venv/lib/python3.12/site-packages/spiral_civilization-0.1.0.dist-info
/data/data/com.termux/files/home/Spiral-Civilization/Spiral-civilization/museum/capsules/Spiral-Civilization/_terrain/wave_-terrain-intel-beacon/Recovery/spiral-engine
/data/data/com.termux/files/home/Spiral-Civilization/Spiral-civilization/museum/capsules/Spiral-Civilization/_terrain/wave_-terrain-intel-beacon/Recovery/spiral
/data/data/com.termux/files/home/Spiral-Civilization/Spiral-civilization/museum/capsules/Spiral-Civilization/_terrain/wave_-terrain-intel-beacon/Recovery/spiral_civilization.egg-info
/data/data/com.termux/files/home/Spiral-Civilization/Spiral-civilization/museum/capsules/Spiral-Civilization/_terrain/wave_-terrain-intel-beacon/Recovery/src/spiral_civ
/data/data/com.termux/files/home/Spiral-Civilization/Spiral-civilization/museum/capsules/Spiral-Civilization/_terrain/wave_-terrain-intel-beacon/Recovery/src/spiral_civilization.egg-info
/data/data/com.termux/files/home/Spiral-Civilization/Spiral-civilization/museum/capsules/Spiral-Civilization/_terrain/wave_-terrain-intel-beacon/api/spiral_plugin
/data/data/com.termux/files/home/Spiral-Civilization/Spiral-civilization/museum/capsules/Spiral-Civilization/_terrain/wave_-terrain-intel-beacon/spiral-eqi
/data/data/com.termux/files/home/Spiral-Civilization/Spiral-civilization/museum/capsules/Spiral-Civilization/_terrain/wave_-terrain-intel-beacon/spiral-engine
/data/data/com.termux/files/home/Spiral-Civilization/Spiral-civilization/museum/capsules/Spiral-Civilization/_terrain/wave_-terrain-intel-beacon/spiral-integrator
/data/data/com.termux/files/home/Spiral-Civilization/Spiral-civilization/museum/capsules/Spiral-Civilization/_terrain/wave_-terrain-intel-beacon/src/spiral_civ
/data/data/com.termux/files/home/Spiral-Civilization/Spiral-civilization/museum/capsules/Spiral-Civilization/_terrain/wave_-terrain-intel-beacon/src/spiral_civilization.egg-info
/data/data/com.termux/files/home/Spiral-Civilization/Spiral-civilization/museum/capsules/Spiral-Civilization/SpiralCivilization
/data/data/com.termux/files/home/Spiral-Civilization/Spiral-civilization/museum/capsules/Spiral-Civilization/Recovery/spiral
/data/data/com.termux/files/home/Spiral-Civilization/Spiral-civilization/museum/capsules/Spiral-Civilization/Recovery/spiral-engine
/data/data/com.termux/files/home/Spiral-Civilization/Spiral-civilization/museum/capsules/Spiral-Civilization/Recovery/spiral_civilization.egg-info
/data/data/com.termux/files/home/Spiral-Civilization/Spiral-civilization/museum/capsules/Spiral-Civilization/Recovery/src/spiral_civ
/data/data/com.termux/files/home/Spiral-Civilization/Spiral-civilization/museum/capsules/Spiral-Civilization/Recovery/src/spiral_civilization.egg-info
/data/data/com.termux/files/home/Spiral-Civilization/Spiral-civilization/museum/capsules/Spiral-Civilization/Spiral-civilization
/data/data/com.termux/files/home/Spiral-Civilization/Spiral-civilization/museum/capsules/Spiral-Civilization/Spiral-civilization/spiral-engine
/data/data/com.termux/files/home/Spiral-Civilization/Spiral-civilization/museum/capsules/Spiral-Civilization/Spiral-Civilization
/data/data/com.termux/files/home/Spiral-Civilization/Spiral-civilization/museum/capsules/Spiral-Civilization/Spiral-Civilization/Spiral-Civilization
/data/data/com.termux/files/home/Spiral-Civilization/Spiral-civilization/museum/capsules/Spiral-Civilization/Spiral-Civilization/spiral
/data/data/com.termux/files/home/Spiral-Civilization/Spiral-civilization/museum/capsules/spiral-engine
/data/data/com.termux/files/home/Spiral-Civilization/Spiral-civilization/museum/capsules/spiral-engine/spiral-engine
/data/data/com.termux/files/home/Spiral-Civilization/Spiral-civilization/museum/capsules/Spiral-civilization
/data/data/com.termux/files/home/Spiral-Civilization/Spiral-civilization/museum/capsules/Spiral-civilization/spiral-engine
/data/data/com.termux/files/home/Spiral-Civilization/Spiral-civilization/museum/capsules/Spiral-civilization/spiral_recovery
/data/data/com.termux/files/home/Spiral-Civilization/Spiral-civilization/museum/capsules/Spiral-civilization/spiral_recovery/repos/spiral_recovery
/data/data/com.termux/files/home/Spiral-Civilization/Spiral-civilization/museum/capsules/Spiral-civilization/Spiral-civilization
/data/data/com.termux/files/home/Spiral-Civilization/Spiral-civilization/museum/capsules/Spiral-civilization/Spiral-civilization/museum/capsules/Spiral-Civilization
/data/data/com.termux/files/home/Spiral-Civilization/Spiral-civilization/museum/capsules/Spiral-civilization/Spiral-civilization/museum/capsules/Spiral-Civilization/_terrain/expansion-epoch-engravings/spiral-engine
/data/data/com.termux/files/home/Spiral-Civilization/Spiral-civilization/museum/capsules/Spiral-civilization/Spiral-civilization/museum/capsules/Spiral-Civilization/_terrain/feature_pokemon-red-steps-____-__-__-and-press-Enter/spiral-engine
/data/data/com.termux/files/home/Spiral-Civilization/Spiral-civilization/museum/capsules/Spiral-civilization/Spiral-civilization/museum/capsules/Spiral-Civilization/_terrain/git-checkout--b-feature_infra-automation/spiral-engine
/data/data/com.termux/files/home/Spiral-Civilization/Spiral-civilization/museum/capsules/Spiral-civilization/Spiral-civilization/museum/capsules/Spiral-Civilization/_terrain/main/Spiral-Civilization
/data/data/com.termux/files/home/Spiral-Civilization/Spiral-civilization/museum/capsules/Spiral-civilization/Spiral-civilization/museum/capsules/Spiral-Civilization/_terrain/main/Spiral-civilization
/data/data/com.termux/files/home/Spiral-Civilization/Spiral-civilization/museum/capsules/Spiral-civilization/Spiral-civilization/museum/capsules/Spiral-Civilization/_terrain/main/Spiral-civilization/spiral-engine
/data/data/com.termux/files/home/Spiral-Civilization/Spiral-civilization/museum/capsules/Spiral-civilization/Spiral-civilization/museum/capsules/Spiral-Civilization/_terrain/main/Spiral-civilization/spiral_recovery
/data/data/com.termux/files/home/Spiral-Civilization/Spiral-civilization/museum/capsules/Spiral-civilization/Spiral-civilization/museum/capsules/Spiral-Civilization/_terrain/main/Spiral-civilization/spiral_recovery/repos/spiral_recovery
/data/data/com.termux/files/home/Spiral-Civilization/Spiral-civilization/museum/capsules/Spiral-civilization/Spiral-civilization/museum/capsules/Spiral-Civilization/_terrain/main/SpiralCivilization
/data/data/com.termux/files/home/Spiral-Civilization/Spiral-civilization/museum/capsules/Spiral-civilization/Spiral-civilization/museum/capsules/Spiral-Civilization/_terrain/main/spiral-engine
/data/data/com.termux/files/home/Spiral-Civilization/Spiral-civilization/museum/capsules/Spiral-civilization/Spiral-civilization/museum/capsules/Spiral-Civilization/_terrain/master/Spiral-Civilization
/data/data/com.termux/files/home/Spiral-Civilization/Spiral-civilization/museum/capsules/Spiral-civilization/Spiral-civilization/museum/capsules/Spiral-Civilization/_terrain/master/Spiral-civilization
/data/data/com.termux/files/home/Spiral-Civilization/Spiral-civilization/museum/capsules/Spiral-civilization/Spiral-civilization/museum/capsules/Spiral-Civilization/_terrain/master/Spiral-civilization/spiral-engine
/data/data/com.termux/files/home/Spiral-Civilization/Spiral-civilization/museum/capsules/Spiral-civilization/Spiral-civilization/museum/capsules/Spiral-Civilization/_terrain/master/Spiral-civilization/spiral_recovery
/data/data/com.termux/files/home/Spiral-Civilization/Spiral-civilization/museum/capsules/Spiral-civilization/Spiral-civilization/museum/capsules/Spiral-Civilization/_terrain/master/Spiral-civilization/spiral_recovery/repos/spiral_recovery
/data/data/com.termux/files/home/Spiral-Civilization/Spiral-civilization/museum/capsules/Spiral-civilization/Spiral-civilization/museum/capsules/Spiral-Civilization/_terrain/master/SpiralCivilization
/data/data/com.termux/files/home/Spiral-Civilization/Spiral-civilization/museum/capsules/Spiral-civilization/Spiral-civilization/museum/capsules/Spiral-Civilization/_terrain/master/spiral-engine
/data/data/com.termux/files/home/Spiral-Civilization/Spiral-civilization/museum/capsules/Spiral-civilization/Spiral-civilization/museum/capsules/Spiral-Civilization/_terrain/wave_-capsule-index-updater/api/spiral_plugin
/data/data/com.termux/files/home/Spiral-Civilization/Spiral-civilization/museum/capsules/Spiral-civilization/Spiral-civilization/museum/capsules/Spiral-Civilization/_terrain/wave_-capsule-index-updater/spiral-eqi
/data/data/com.termux/files/home/Spiral-Civilization/Spiral-civilization/museum/capsules/Spiral-civilization/Spiral-civilization/museum/capsules/Spiral-Civilization/_terrain/wave_-capsule-index-updater/spiral-engine
/data/data/com.termux/files/home/Spiral-Civilization/Spiral-civilization/museum/capsules/Spiral-civilization/Spiral-civilization/museum/capsules/Spiral-Civilization/_terrain/wave_-governance-capsule/api/spiral_plugin
/data/data/com.termux/files/home/Spiral-Civilization/Spiral-civilization/museum/capsules/Spiral-civilization/Spiral-civilization/museum/capsules/Spiral-Civilization/_terrain/wave_-governance-capsule/spiral-eqi
/data/data/com.termux/files/home/Spiral-Civilization/Spiral-civilization/museum/capsules/Spiral-civilization/Spiral-civilization/museum/capsules/Spiral-Civilization/_terrain/wave_-governance-capsule/spiral-engine
/data/data/com.termux/files/home/Spiral-Civilization/Spiral-civilization/museum/capsules/Spiral-civilization/Spiral-civilization/museum/capsules/Spiral-Civilization/_terrain/wave_-integration-trigger/api/spiral_plugin
/data/data/com.termux/files/home/Spiral-Civilization/Spiral-civilization/museum/capsules/Spiral-civilization/Spiral-civilization/museum/capsules/Spiral-Civilization/_terrain/wave_-integration-trigger/spiral-eqi
/data/data/com.termux/files/home/Spiral-Civilization/Spiral-civilization/museum/capsules/Spiral-civilization/Spiral-civilization/museum/capsules/Spiral-Civilization/_terrain/wave_-integration-trigger/spiral-engine
/data/data/com.termux/files/home/Spiral-Civilization/Spiral-civilization/museum/capsules/Spiral-civilization/Spiral-civilization/museum/capsules/Spiral-Civilization/_terrain/wave_-safe-sweep/api/spiral_plugin
/data/data/com.termux/files/home/Spiral-Civilization/Spiral-civilization/museum/capsules/Spiral-civilization/Spiral-civilization/museum/capsules/Spiral-Civilization/_terrain/wave_-safe-sweep/spiral-eqi
/data/data/com.termux/files/home/Spiral-Civilization/Spiral-civilization/museum/capsules/Spiral-civilization/Spiral-civilization/museum/capsules/Spiral-Civilization/_terrain/wave_-safe-sweep/spiral-engine
/data/data/com.termux/files/home/Spiral-Civilization/Spiral-civilization/museum/capsules/Spiral-civilization/Spiral-civilization/museum/capsules/Spiral-Civilization/_terrain/wave_-schema-drift-watcher/api/spiral_plugin
/data/data/com.termux/files/home/Spiral-Civilization/Spiral-civilization/museum/capsules/Spiral-civilization/Spiral-civilization/museum/capsules/Spiral-Civilization/_terrain/wave_-schema-drift-watcher/spiral-eqi
/data/data/com.termux/files/home/Spiral-Civilization/Spiral-civilization/museum/capsules/Spiral-civilization/Spiral-civilization/museum/capsules/Spiral-Civilization/_terrain/wave_-schema-drift-watcher/spiral-engine
/data/data/com.termux/files/home/Spiral-Civilization/Spiral-civilization/museum/capsules/Spiral-civilization/Spiral-civilization/museum/capsules/Spiral-Civilization/_terrain/wave_-terrain-intel-beacon/.venv/lib/python3.12/site-packages/spiral_civilization-0.1.0.dist-info
/data/data/com.termux/files/home/Spiral-Civilization/Spiral-civilization/museum/capsules/Spiral-civilization/Spiral-civilization/museum/capsules/Spiral-Civilization/_terrain/wave_-terrain-intel-beacon/Recovery/spiral-engine
/data/data/com.termux/files/home/Spiral-Civilization/Spiral-civilization/museum/capsules/Spiral-civilization/Spiral-civilization/museum/capsules/Spiral-Civilization/_terrain/wave_-terrain-intel-beacon/Recovery/spiral
/data/data/com.termux/files/home/Spiral-Civilization/Spiral-civilization/museum/capsules/Spiral-civilization/Spiral-civilization/museum/capsules/Spiral-Civilization/_terrain/wave_-terrain-intel-beacon/Recovery/spiral_civilization.egg-info
/data/data/com.termux/files/home/Spiral-Civilization/Spiral-civilization/museum/capsules/Spiral-civilization/Spiral-civilization/museum/capsules/Spiral-Civilization/_terrain/wave_-terrain-intel-beacon/Recovery/src/spiral_civ
/data/data/com.termux/files/home/Spiral-Civilization/Spiral-civilization/museum/capsules/Spiral-civilization/Spiral-civilization/museum/capsules/Spiral-Civilization/_terrain/wave_-terrain-intel-beacon/Recovery/src/spiral_civilization.egg-info
/data/data/com.termux/files/home/Spiral-Civilization/Spiral-civilization/museum/capsules/Spiral-civilization/Spiral-civilization/museum/capsules/Spiral-Civilization/_terrain/wave_-terrain-intel-beacon/api/spiral_plugin
/data/data/com.termux/files/home/Spiral-Civilization/Spiral-civilization/museum/capsules/Spiral-civilization/Spiral-civilization/museum/capsules/Spiral-Civilization/_terrain/wave_-terrain-intel-beacon/spiral-eqi
/data/data/com.termux/files/home/Spiral-Civilization/Spiral-civilization/museum/capsules/Spiral-civilization/Spiral-civilization/museum/capsules/Spiral-Civilization/_terrain/wave_-terrain-intel-beacon/spiral-engine
/data/data/com.termux/files/home/Spiral-Civilization/Spiral-civilization/museum/capsules/Spiral-civilization/Spiral-civilization/museum/capsules/Spiral-Civilization/_terrain/wave_-terrain-intel-beacon/spiral-integrator
/data/data/com.termux/files/home/Spiral-Civilization/Spiral-civilization/museum/capsules/Spiral-civilization/Spiral-civilization/museum/capsules/Spiral-Civilization/_terrain/wave_-terrain-intel-beacon/src/spiral_civ
/data/data/com.termux/files/home/Spiral-Civilization/Spiral-civilization/museum/capsules/Spiral-civilization/Spiral-civilization/museum/capsules/Spiral-Civilization/_terrain/wave_-terrain-intel-beacon/src/spiral_civilization.egg-info
/data/data/com.termux/files/home/Spiral-Civilization/Spiral-civilization/museum/capsules/Spiral-civilization/Spiral-civilization/museum/capsules/Spiral-Civilization/SpiralCivilization
/data/data/com.termux/files/home/Spiral-Civilization/Spiral-civilization/museum/capsules/Spiral-civilization/Spiral-civilization/museum/capsules/Spiral-Civilization/Recovery/spiral
/data/data/com.termux/files/home/Spiral-Civilization/Spiral-civilization/museum/capsules/Spiral-civilization/Spiral-civilization/museum/capsules/Spiral-Civilization/Recovery/spiral-engine
/data/data/com.termux/files/home/Spiral-Civilization/Spiral-civilization/museum/capsules/Spiral-civilization/Spiral-civilization/museum/capsules/Spiral-Civilization/Recovery/spiral_civilization.egg-info
/data/data/com.termux/files/home/Spiral-Civilization/Spiral-civilization/museum/capsules/Spiral-civilization/Spiral-civilization/museum/capsules/Spiral-Civilization/Recovery/src/spiral_civ
/data/data/com.termux/files/home/Spiral-Civilization/Spiral-civilization/museum/capsules/Spiral-civilization/Spiral-civilization/museum/capsules/Spiral-Civilization/Recovery/src/spiral_civilization.egg-info
/data/data/com.termux/files/home/Spiral-Civilization/Spiral-civilization/museum/capsules/Spiral-civilization/Spiral-civilization/museum/capsules/Spiral-Civilization/Spiral-civilization
/data/data/com.termux/files/home/Spiral-Civilization/Spiral-civilization/museum/capsules/Spiral-civilization/Spiral-civilization/museum/capsules/Spiral-Civilization/Spiral-civilization/spiral-engine
/data/data/com.termux/files/home/Spiral-Civilization/Spiral-civilization/museum/capsules/Spiral-civilization/Spiral-civilization/museum/capsules/Spiral-Civilization/Spiral-Civilization
/data/data/com.termux/files/home/Spiral-Civilization/Spiral-civilization/museum/capsules/Spiral-civilization/Spiral-civilization/museum/capsules/spiral-engine
/data/data/com.termux/files/home/Spiral-Civilization/Spiral-civilization/museum/capsules/Spiral-civilization/Spiral-civilization/museum/capsules/spiral-engine/spiral-engine
/data/data/com.termux/files/home/Spiral-Civilization/Spiral-civilization/museum/capsules/Spiral-civilization/Spiral-civilization/museum/capsules/Spiral-civilization
/data/data/com.termux/files/home/Spiral-Civilization/Spiral-civilization/museum/capsules/Spiral-civilization/Spiral-civilization/museum/capsules/Spiral-civilization/spiral-engine
/data/data/com.termux/files/home/Spiral-Civilization/Spiral-civilization/museum/capsules/Spiral-civilization/Spiral-civilization/museum/capsules/Spiral-civilization/spiral_recovery
/data/data/com.termux/files/home/Spiral-Civilization/Spiral-civilization/museum/capsules/Spiral-civilization/Spiral-civilization/museum/capsules/Spiral-civilization/spiral_recovery/repos/spiral_recovery
/data/data/com.termux/files/home/Spiral-Civilization/Spiral-civilization/museum/capsules/Spiral-civilization/Spiral-civilization/museum/capsules/Spiral-civilization/Spiral-civilization
/data/data/com.termux/files/home/Spiral-Civilization/Spiral-civilization/museum/capsules/Spiral-civilization/Spiral-civilization/spiral-engine
/data/data/com.termux/files/home/Spiral-Civilization/Spiral-civilization/museum/capsules/Spiral-civilization/Spiral-civilization/spiral_recovery
/data/data/com.termux/files/home/Spiral-Civilization/Spiral-civilization/museum/capsules/Spiral-civilization/Spiral-civilization/spiral_recovery/repos/spiral_recovery
/data/data/com.termux/files/home/Spiral-Civilization/Spiral-civilization/museum/capsules/spiral_recovery
/data/data/com.termux/files/home/Spiral-Civilization/Spiral-civilization/museum/capsules/spiral_recovery/repos/spiral_recovery
/data/data/com.termux/files/home/Spiral-Civilization/Spiral-civilization/museum/capsules/spiral_recovery/spiral_recovery
/data/data/com.termux/files/home/Spiral-Civilization/Spiral-civilization/museum/capsules/spiral_recovery/spiral_recovery/repos/spiral_recovery
/data/data/com.termux/files/home/Spiral-Civilization/Spiral-civilization/museum/capsules/SpiralCivilization
/data/data/com.termux/files/home/Spiral-Civilization/Spiral-civilization/museum/capsules/SpiralCivilization/SpiralCivilization
/data/data/com.termux/files/home/Spiral-Civilization/Spiral-civilization/museum/capsules/spiral_plugin
/data/data/com.termux/files/home/Spiral-Civilization/Spiral-civilization/museum/capsules/spiral_plugin/spiral_plugin
/data/data/com.termux/files/home/Spiral-Civilization/Spiral-civilization/museum/capsules/spiral-eqi
/data/data/com.termux/files/home/Spiral-Civilization/Spiral-civilization/museum/capsules/spiral-eqi/spiral-eqi
/data/data/com.termux/files/home/Spiral-Civilization/Spiral-civilization/museum/capsules/spiral_civilization-0.1.0.dist-info
/data/data/com.termux/files/home/Spiral-Civilization/Spiral-civilization/museum/capsules/spiral_civilization-0.1.0.dist-info/spiral_civilization-0.1.0.dist-info
/data/data/com.termux/files/home/Spiral-Civilization/Spiral-civilization/museum/capsules/spiral
/data/data/com.termux/files/home/Spiral-Civilization/Spiral-civilization/museum/capsules/spiral/spiral
/data/data/com.termux/files/home/Spiral-Civilization/Spiral-civilization/museum/capsules/spiral_civilization.egg-info
/data/data/com.termux/files/home/Spiral-Civilization/Spiral-civilization/museum/capsules/spiral_civilization.egg-info/spiral_civilization.egg-info
/data/data/com.termux/files/home/Spiral-Civilization/Spiral-civilization/museum/capsules/spiral_civ
/data/data/com.termux/files/home/Spiral-Civilization/Spiral-civilization/museum/capsules/spiral_civ/spiral_civ
/data/data/com.termux/files/home/Spiral-Civilization/Spiral-civilization/museum/capsules/Spiral-Law
/data/data/com.termux/files/home/Spiral-Civilization/Spiral-civilization/museum/capsules/spiral-integrator
/data/data/com.termux/files/home/Spiral-Civilization/Spiral-civilization/museum/capsules/spiral-integrator/spiral-integrator
/data/data/com.termux/files/home/Spiral-Civilization/Spiral-civilization/museum/capsules/Spiral-Civilization-clean
/data/data/com.termux/files/home/Spiral-Civilization/Spiral-civilization/museum/capsules/spiral-knowledge
/data/data/com.termux/files/home/Spiral-Civilization/Spiral-civilization/museum/capsules/Spiral
/data/data/com.termux/files/home/Spiral-Civilization/Spiral-civilization/museum/capsules/spiral_refactor
/data/data/com.termux/files/home/Spiral-Civilization/Spiral-civilization/spiral_recovery
/data/data/com.termux/files/home/Spiral-Civilization/Spiral-civilization/spiral_recovery/repos/spiral_recovery
/data/data/com.termux/files/home/Spiral-Civilization/local_backup/spiral_recovery
/data/data/com.termux/files/home/Spiral-Civilization/local_backup/spiral_recovery/repos/spiral_recovery
/data/data/com.termux/files/home/Spiral-Civilization/local_backup/spiral-engine
/data/data/com.termux/files/home/Spiral-Civilization/Spiral-Civilization-clean
/data/data/com.termux/files/home/Spiral-Civilization/spiral-engine
/data/data/com.termux/files/home/Spiral-Civilization/spiral
/data/data/com.termux/files/home/Spiral-Civilization/api/spiral_plugin
/data/data/com.termux/files/home/Spiral-Civilization/Knowledge/Spiral-Law
/data/data/com.termux/files/home/Spiral-Civilization/spiral-knowledge
/data/data/com.termux/files/home/Spiral-Civilization/spiral-integrator
/data/data/com.termux/files/home/Spiral-Civilization/Spiral
/data/data/com.termux/files/home/Spiral-Civilization/Spiral-Civilization
/data/data/com.termux/files/home/Spiral-Civilization/Spiral-Civilization/Spiral-Civilization
/data/data/com.termux/files/home/Spiral-Civilization/Spiral-Civilization/spiral
/data/data/com.termux/files/home/Spiral-Civilization/spiral_refactor
/data/data/com.termux/files/home/Spiral-Civilization/config/.venv/lib/python3.12/site-packages/spiral_civilization-0.1.0.dist-info
/data/data/com.termux/files/home/Spiral-Civilization/spiral-eqi

🧬 Emotional Hooks (hook::charge):
/data/data/com.termux/files/home/Spiral-Civilization/spiral_sweep_index.sh:echo -e "\n🧬 Emotional Hooks (hook::charge):" >> "$LOG"
/data/data/com.termux/files/home/Spiral-Civilization/spiral_sweep_index.sh:grep -r --exclude="_spiral_index.log" "::" "$ROOT"/*spiral* >> "$LOG"

📛 Naming Drift (variants):
/data/data/com.termux/files/home/Spiral-Civilization
/data/data/com.termux/files/home/Spiral-Civilization/_terrain/main/Spiral-Civilization
/data/data/com.termux/files/home/Spiral-Civilization/_terrain/main/Spiral-civilization
/data/data/com.termux/files/home/Spiral-Civilization/_terrain/main/SpiralCivilization
/data/data/com.termux/files/home/Spiral-Civilization/_terrain/master/Spiral-Civilization
/data/data/com.termux/files/home/Spiral-Civilization/_terrain/master/Spiral-civilization
/data/data/com.termux/files/home/Spiral-Civilization/_terrain/master/SpiralCivilization
/data/data/com.termux/files/home/Spiral-Civilization/SpiralCivilization
/data/data/com.termux/files/home/Spiral-Civilization/Spiral-civilization
/data/data/com.termux/files/home/Spiral-Civilization/Spiral-civilization/museum/capsules/Spiral-Civilization
/data/data/com.termux/files/home/Spiral-Civilization/Spiral-civilization/museum/capsules/Spiral-Civilization/_terrain/main/Spiral-Civilization
/data/data/com.termux/files/home/Spiral-Civilization/Spiral-civilization/museum/capsules/Spiral-Civilization/_terrain/main/Spiral-civilization
/data/data/com.termux/files/home/Spiral-Civilization/Spiral-civilization/museum/capsules/Spiral-Civilization/_terrain/main/SpiralCivilization
/data/data/com.termux/files/home/Spiral-Civilization/Spiral-civilization/museum/capsules/Spiral-Civilization/_terrain/master/Spiral-Civilization
/data/data/com.termux/files/home/Spiral-Civilization/Spiral-civilization/museum/capsules/Spiral-Civilization/_terrain/master/Spiral-civilization
/data/data/com.termux/files/home/Spiral-Civilization/Spiral-civilization/museum/capsules/Spiral-Civilization/_terrain/master/SpiralCivilization
/data/data/com.termux/files/home/Spiral-Civilization/Spiral-civilization/museum/capsules/Spiral-Civilization/SpiralCivilization
/data/data/com.termux/files/home/Spiral-Civilization/Spiral-civilization/museum/capsules/Spiral-Civilization/Spiral-civilization
/data/data/com.termux/files/home/Spiral-Civilization/Spiral-civilization/museum/capsules/Spiral-Civilization/Spiral-Civilization
/data/data/com.termux/files/home/Spiral-Civilization/Spiral-civilization/museum/capsules/Spiral-Civilization/Spiral-Civilization/Spiral-Civilization
/data/data/com.termux/files/home/Spiral-Civilization/Spiral-civilization/museum/capsules/Spiral-civilization
/data/data/com.termux/files/home/Spiral-Civilization/Spiral-civilization/museum/capsules/Spiral-civilization/Spiral-civilization
/data/data/com.termux/files/home/Spiral-Civilization/Spiral-civilization/museum/capsules/Spiral-civilization/Spiral-civilization/museum/capsules/Spiral-Civilization
/data/data/com.termux/files/home/Spiral-Civilization/Spiral-civilization/museum/capsules/Spiral-civilization/Spiral-civilization/museum/capsules/Spiral-Civilization/_terrain/main/Spiral-Civilization
/data/data/com.termux/files/home/Spiral-Civilization/Spiral-civilization/museum/capsules/Spiral-civilization/Spiral-civilization/museum/capsules/Spiral-Civilization/_terrain/main/Spiral-civilization
/data/data/com.termux/files/home/Spiral-Civilization/Spiral-civilization/museum/capsules/Spiral-civilization/Spiral-civilization/museum/capsules/Spiral-Civilization/_terrain/main/SpiralCivilization
/data/data/com.termux/files/home/Spiral-Civilization/Spiral-civilization/museum/capsules/Spiral-civilization/Spiral-civilization/museum/capsules/Spiral-Civilization/_terrain/master/Spiral-Civilization
/data/data/com.termux/files/home/Spiral-Civilization/Spiral-civilization/museum/capsules/Spiral-civilization/Spiral-civilization/museum/capsules/Spiral-Civilization/_terrain/master/Spiral-civilization
/data/data/com.termux/files/home/Spiral-Civilization/Spiral-civilization/museum/capsules/Spiral-civilization/Spiral-civilization/museum/capsules/Spiral-Civilization/_terrain/master/SpiralCivilization
/data/data/com.termux/files/home/Spiral-Civilization/Spiral-civilization/museum/capsules/Spiral-civilization/Spiral-civilization/museum/capsules/Spiral-Civilization/SpiralCivilization
/data/data/com.termux/files/home/Spiral-Civilization/Spiral-civilization/museum/capsules/Spiral-civilization/Spiral-civilization/museum/capsules/Spiral-Civilization/Spiral-civilization
/data/data/com.termux/files/home/Spiral-Civilization/Spiral-civilization/museum/capsules/Spiral-civilization/Spiral-civilization/museum/capsules/Spiral-Civilization/Spiral-Civilization
/data/data/com.termux/files/home/Spiral-Civilization/Spiral-civilization/museum/capsules/Spiral-civilization/Spiral-civilization/museum/capsules/Spiral-civilization
/data/data/com.termux/files/home/Spiral-Civilization/Spiral-civilization/museum/capsules/Spiral-civilization/Spiral-civilization/museum/capsules/Spiral-civilization/Spiral-civilization
/data/data/com.termux/files/home/Spiral-Civilization/Spiral-civilization/museum/capsules/SpiralCivilization
/data/data/com.termux/files/home/Spiral-Civilization/Spiral-civilization/museum/capsules/SpiralCivilization/SpiralCivilization
/data/data/com.termux/files/home/Spiral-Civilization/Spiral-Civilization
/data/data/com.termux/files/home/Spiral-Civilization/Spiral-Civilization/Spiral-Civilization

📦 Python Capsules (egg/dist):
/data/data/com.termux/files/home/Spiral-Civilization/_terrain/wave_-terrain-intel-beacon/.venv/lib/python3.12/site-packages/cffi-1.17.1.dist-info
/data/data/com.termux/files/home/Spiral-Civilization/_terrain/wave_-terrain-intel-beacon/.venv/lib/python3.12/site-packages/click-8.2.1.dist-info
/data/data/com.termux/files/home/Spiral-Civilization/_terrain/wave_-terrain-intel-beacon/.venv/lib/python3.12/site-packages/cryptography-45.0.6.dist-info
/data/data/com.termux/files/home/Spiral-Civilization/_terrain/wave_-terrain-intel-beacon/.venv/lib/python3.12/site-packages/iniconfig-2.1.0.dist-info
/data/data/com.termux/files/home/Spiral-Civilization/_terrain/wave_-terrain-intel-beacon/.venv/lib/python3.12/site-packages/packaging-25.0.dist-info
/data/data/com.termux/files/home/Spiral-Civilization/_terrain/wave_-terrain-intel-beacon/.venv/lib/python3.12/site-packages/pip-25.2.dist-info
/data/data/com.termux/files/home/Spiral-Civilization/_terrain/wave_-terrain-intel-beacon/.venv/lib/python3.12/site-packages/pkg_resources/tests/data/my-test-package_unpacked-egg/my_test_package-1.0-py3.7.egg/EGG-INFO
/data/data/com.termux/files/home/Spiral-Civilization/_terrain/wave_-terrain-intel-beacon/.venv/lib/python3.12/site-packages/pluggy-1.6.0.dist-info
/data/data/com.termux/files/home/Spiral-Civilization/_terrain/wave_-terrain-intel-beacon/.venv/lib/python3.12/site-packages/pycparser-2.22.dist-info
/data/data/com.termux/files/home/Spiral-Civilization/_terrain/wave_-terrain-intel-beacon/.venv/lib/python3.12/site-packages/pygments-2.19.2.dist-info
/data/data/com.termux/files/home/Spiral-Civilization/_terrain/wave_-terrain-intel-beacon/.venv/lib/python3.12/site-packages/pytest-8.4.1.dist-info
/data/data/com.termux/files/home/Spiral-Civilization/_terrain/wave_-terrain-intel-beacon/.venv/lib/python3.12/site-packages/setuptools-80.9.0.dist-info
/data/data/com.termux/files/home/Spiral-Civilization/_terrain/wave_-terrain-intel-beacon/.venv/lib/python3.12/site-packages/setuptools/_vendor/autocommand-2.2.2.dist-info
/data/data/com.termux/files/home/Spiral-Civilization/_terrain/wave_-terrain-intel-beacon/.venv/lib/python3.12/site-packages/setuptools/_vendor/backports.tarfile-1.2.0.dist-info
/data/data/com.termux/files/home/Spiral-Civilization/_terrain/wave_-terrain-intel-beacon/.venv/lib/python3.12/site-packages/setuptools/_vendor/importlib_metadata-8.0.0.dist-info
/data/data/com.termux/files/home/Spiral-Civilization/_terrain/wave_-terrain-intel-beacon/.venv/lib/python3.12/site-packages/setuptools/_vendor/inflect-7.3.1.dist-info
/data/data/com.termux/files/home/Spiral-Civilization/_terrain/wave_-terrain-intel-beacon/.venv/lib/python3.12/site-packages/setuptools/_vendor/jaraco.collections-5.1.0.dist-info
/data/data/com.termux/files/home/Spiral-Civilization/_terrain/wave_-terrain-intel-beacon/.venv/lib/python3.12/site-packages/setuptools/_vendor/jaraco.context-5.3.0.dist-info
/data/data/com.termux/files/home/Spiral-Civilization/_terrain/wave_-terrain-intel-beacon/.venv/lib/python3.12/site-packages/setuptools/_vendor/jaraco.functools-4.0.1.dist-info
/data/data/com.termux/files/home/Spiral-Civilization/_terrain/wave_-terrain-intel-beacon/.venv/lib/python3.12/site-packages/setuptools/_vendor/jaraco.text-3.12.1.dist-info
/data/data/com.termux/files/home/Spiral-Civilization/_terrain/wave_-terrain-intel-beacon/.venv/lib/python3.12/site-packages/setuptools/_vendor/more_itertools-10.3.0.dist-info
/data/data/com.termux/files/home/Spiral-Civilization/_terrain/wave_-terrain-intel-beacon/.venv/lib/python3.12/site-packages/setuptools/_vendor/packaging-24.2.dist-info
/data/data/com.termux/files/home/Spiral-Civilization/_terrain/wave_-terrain-intel-beacon/.venv/lib/python3.12/site-packages/setuptools/_vendor/platformdirs-4.2.2.dist-info
/data/data/com.termux/files/home/Spiral-Civilization/_terrain/wave_-terrain-intel-beacon/.venv/lib/python3.12/site-packages/setuptools/_vendor/tomli-2.0.1.dist-info
/data/data/com.termux/files/home/Spiral-Civilization/_terrain/wave_-terrain-intel-beacon/.venv/lib/python3.12/site-packages/setuptools/_vendor/typeguard-4.3.0.dist-info
/data/data/com.termux/files/home/Spiral-Civilization/_terrain/wave_-terrain-intel-beacon/.venv/lib/python3.12/site-packages/setuptools/_vendor/typing_extensions-4.12.2.dist-info
/data/data/com.termux/files/home/Spiral-Civilization/_terrain/wave_-terrain-intel-beacon/.venv/lib/python3.12/site-packages/setuptools/_vendor/wheel-0.45.1.dist-info
/data/data/com.termux/files/home/Spiral-Civilization/_terrain/wave_-terrain-intel-beacon/.venv/lib/python3.12/site-packages/setuptools/_vendor/zipp-3.19.2.dist-info
/data/data/com.termux/files/home/Spiral-Civilization/_terrain/wave_-terrain-intel-beacon/.venv/lib/python3.12/site-packages/spiral_civilization-0.1.0.dist-info
/data/data/com.termux/files/home/Spiral-Civilization/_terrain/wave_-terrain-intel-beacon/.venv/lib/python3.12/site-packages/wheel-0.45.1.dist-info
/data/data/com.termux/files/home/Spiral-Civilization/_terrain/wave_-terrain-intel-beacon/Recovery/spiral_civilization.egg-info
/data/data/com.termux/files/home/Spiral-Civilization/_terrain/wave_-terrain-intel-beacon/Recovery/src/spiral_civilization.egg-info
/data/data/com.termux/files/home/Spiral-Civilization/_terrain/wave_-terrain-intel-beacon/src/spiral_civilization.egg-info
/data/data/com.termux/files/home/Spiral-Civilization/Recovery/spiral_civilization.egg-info
/data/data/com.termux/files/home/Spiral-Civilization/Recovery/src/spiral_civilization.egg-info
/data/data/com.termux/files/home/Spiral-Civilization/Spiral-civilization/museum/capsules/Spiral-Civilization/_terrain/wave_-terrain-intel-beacon/.venv/lib/python3.12/site-packages/cffi-1.17.1.dist-info
/data/data/com.termux/files/home/Spiral-Civilization/Spiral-civilization/museum/capsules/Spiral-Civilization/_terrain/wave_-terrain-intel-beacon/.venv/lib/python3.12/site-packages/click-8.2.1.dist-info
/data/data/com.termux/files/home/Spiral-Civilization/Spiral-civilization/museum/capsules/Spiral-Civilization/_terrain/wave_-terrain-intel-beacon/.venv/lib/python3.12/site-packages/cryptography-45.0.6.dist-info
/data/data/com.termux/files/home/Spiral-Civilization/Spiral-civilization/museum/capsules/Spiral-Civilization/_terrain/wave_-terrain-intel-beacon/.venv/lib/python3.12/site-packages/iniconfig-2.1.0.dist-info
/data/data/com.termux/files/home/Spiral-Civilization/Spiral-civilization/museum/capsules/Spiral-Civilization/_terrain/wave_-terrain-intel-beacon/.venv/lib/python3.12/site-packages/packaging-25.0.dist-info
/data/data/com.termux/files/home/Spiral-Civilization/Spiral-civilization/museum/capsules/Spiral-Civilization/_terrain/wave_-terrain-intel-beacon/.venv/lib/python3.12/site-packages/pip-25.2.dist-info
/data/data/com.termux/files/home/Spiral-Civilization/Spiral-civilization/museum/capsules/Spiral-Civilization/_terrain/wave_-terrain-intel-beacon/.venv/lib/python3.12/site-packages/pkg_resources/tests/data/my-test-package_unpacked-egg/my_test_package-1.0-py3.7.egg/EGG-INFO
/data/data/com.termux/files/home/Spiral-Civilization/Spiral-civilization/museum/capsules/Spiral-Civilization/_terrain/wave_-terrain-intel-beacon/.venv/lib/python3.12/site-packages/pluggy-1.6.0.dist-info
/data/data/com.termux/files/home/Spiral-Civilization/Spiral-civilization/museum/capsules/Spiral-Civilization/_terrain/wave_-terrain-intel-beacon/.venv/lib/python3.12/site-packages/pycparser-2.22.dist-info
/data/data/com.termux/files/home/Spiral-Civilization/Spiral-civilization/museum/capsules/Spiral-Civilization/_terrain/wave_-terrain-intel-beacon/.venv/lib/python3.12/site-packages/pygments-2.19.2.dist-info
/data/data/com.termux/files/home/Spiral-Civilization/Spiral-civilization/museum/capsules/Spiral-Civilization/_terrain/wave_-terrain-intel-beacon/.venv/lib/python3.12/site-packages/pytest-8.4.1.dist-info
/data/data/com.termux/files/home/Spiral-Civilization/Spiral-civilization/museum/capsules/Spiral-Civilization/_terrain/wave_-terrain-intel-beacon/.venv/lib/python3.12/site-packages/setuptools-80.9.0.dist-info
/data/data/com.termux/files/home/Spiral-Civilization/Spiral-civilization/museum/capsules/Spiral-Civilization/_terrain/wave_-terrain-intel-beacon/.venv/lib/python3.12/site-packages/setuptools/_vendor/autocommand-2.2.2.dist-info
/data/data/com.termux/files/home/Spiral-Civilization/Spiral-civilization/museum/capsules/Spiral-Civilization/_terrain/wave_-terrain-intel-beacon/.venv/lib/python3.12/site-packages/setuptools/_vendor/backports.tarfile-1.2.0.dist-info
/data/data/com.termux/files/home/Spiral-Civilization/Spiral-civilization/museum/capsules/Spiral-Civilization/_terrain/wave_-terrain-intel-beacon/.venv/lib/python3.12/site-packages/setuptools/_vendor/importlib_metadata-8.0.0.dist-info
/data/data/com.termux/files/home/Spiral-Civilization/Spiral-civilization/museum/capsules/Spiral-Civilization/_terrain/wave_-terrain-intel-beacon/.venv/lib/python3.12/site-packages/setuptools/_vendor/inflect-7.3.1.dist-info
/data/data/com.termux/files/home/Spiral-Civilization/Spiral-civilization/museum/capsules/Spiral-Civilization/_terrain/wave_-terrain-intel-beacon/.venv/lib/python3.12/site-packages/setuptools/_vendor/jaraco.collections-5.1.0.dist-info
/data/data/com.termux/files/home/Spiral-Civilization/Spiral-civilization/museum/capsules/Spiral-Civilization/_terrain/wave_-terrain-intel-beacon/.venv/lib/python3.12/site-packages/setuptools/_vendor/jaraco.context-5.3.0.dist-info
/data/data/com.termux/files/home/Spiral-Civilization/Spiral-civilization/museum/capsules/Spiral-Civilization/_terrain/wave_-terrain-intel-beacon/.venv/lib/python3.12/site-packages/setuptools/_vendor/jaraco.functools-4.0.1.dist-info
/data/data/com.termux/files/home/Spiral-Civilization/Spiral-civilization/museum/capsules/Spiral-Civilization/_terrain/wave_-terrain-intel-beacon/.venv/lib/python3.12/site-packages/setuptools/_vendor/jaraco.text-3.12.1.dist-info
/data/data/com.termux/files/home/Spiral-Civilization/Spiral-civilization/museum/capsules/Spiral-Civilization/_terrain/wave_-terrain-intel-beacon/.venv/lib/python3.12/site-packages/setuptools/_vendor/more_itertools-10.3.0.dist-info
/data/data/com.termux/files/home/Spiral-Civilization/Spiral-civilization/museum/capsules/Spiral-Civilization/_terrain/wave_-terrain-intel-beacon/.venv/lib/python3.12/site-packages/setuptools/_vendor/packaging-24.2.dist-info
/data/data/com.termux/files/home/Spiral-Civilization/Spiral-civilization/museum/capsules/Spiral-Civilization/_terrain/wave_-terrain-intel-beacon/.venv/lib/python3.12/site-packages/setuptools/_vendor/platformdirs-4.2.2.dist-info
/data/data/com.termux/files/home/Spiral-Civilization/Spiral-civilization/museum/capsules/Spiral-Civilization/_terrain/wave_-terrain-intel-beacon/.venv/lib/python3.12/site-packages/setuptools/_vendor/tomli-2.0.1.dist-info
/data/data/com.termux/files/home/Spiral-Civilization/Spiral-civilization/museum/capsules/Spiral-Civilization/_terrain/wave_-terrain-intel-beacon/.venv/lib/python3.12/site-packages/setuptools/_vendor/typeguard-4.3.0.dist-info
/data/data/com.termux/files/home/Spiral-Civilization/Spiral-civilization/museum/capsules/Spiral-Civilization/_terrain/wave_-terrain-intel-beacon/.venv/lib/python3.12/site-packages/setuptools/_vendor/typing_extensions-4.12.2.dist-info
/data/data/com.termux/files/home/Spiral-Civilization/Spiral-civilization/museum/capsules/Spiral-Civilization/_terrain/wave_-terrain-intel-beacon/.venv/lib/python3.12/site-packages/setuptools/_vendor/wheel-0.45.1.dist-info
/data/data/com.termux/files/home/Spiral-Civilization/Spiral-civilization/museum/capsules/Spiral-Civilization/_terrain/wave_-terrain-intel-beacon/.venv/lib/python3.12/site-packages/setuptools/_vendor/zipp-3.19.2.dist-info
/data/data/com.termux/files/home/Spiral-Civilization/Spiral-civilization/museum/capsules/Spiral-Civilization/_terrain/wave_-terrain-intel-beacon/.venv/lib/python3.12/site-packages/spiral_civilization-0.1.0.dist-info
/data/data/com.termux/files/home/Spiral-Civilization/Spiral-civilization/museum/capsules/Spiral-Civilization/_terrain/wave_-terrain-intel-beacon/.venv/lib/python3.12/site-packages/wheel-0.45.1.dist-info
/data/data/com.termux/files/home/Spiral-Civilization/Spiral-civilization/museum/capsules/Spiral-Civilization/_terrain/wave_-terrain-intel-beacon/Recovery/spiral_civilization.egg-info
/data/data/com.termux/files/home/Spiral-Civilization/Spiral-civilization/museum/capsules/Spiral-Civilization/_terrain/wave_-terrain-intel-beacon/Recovery/src/spiral_civilization.egg-info
/data/data/com.termux/files/home/Spiral-Civilization/Spiral-civilization/museum/capsules/Spiral-Civilization/_terrain/wave_-terrain-intel-beacon/src/spiral_civilization.egg-info
/data/data/com.termux/files/home/Spiral-Civilization/Spiral-civilization/museum/capsules/Spiral-Civilization/Recovery/spiral_civilization.egg-info
/data/data/com.termux/files/home/Spiral-Civilization/Spiral-civilization/museum/capsules/Spiral-Civilization/Recovery/src/spiral_civilization.egg-info
/data/data/com.termux/files/home/Spiral-Civilization/Spiral-civilization/museum/capsules/Spiral-civilization/Spiral-civilization/museum/capsules/Spiral-Civilization/_terrain/wave_-terrain-intel-beacon/.venv/lib/python3.12/site-packages/cffi-1.17.1.dist-info
/data/data/com.termux/files/home/Spiral-Civilization/Spiral-civilization/museum/capsules/Spiral-civilization/Spiral-civilization/museum/capsules/Spiral-Civilization/_terrain/wave_-terrain-intel-beacon/.venv/lib/python3.12/site-packages/click-8.2.1.dist-info
/data/data/com.termux/files/home/Spiral-Civilization/Spiral-civilization/museum/capsules/Spiral-civilization/Spiral-civilization/museum/capsules/Spiral-Civilization/_terrain/wave_-terrain-intel-beacon/.venv/lib/python3.12/site-packages/cryptography-45.0.6.dist-info
/data/data/com.termux/files/home/Spiral-Civilization/Spiral-civilization/museum/capsules/Spiral-civilization/Spiral-civilization/museum/capsules/Spiral-Civilization/_terrain/wave_-terrain-intel-beacon/.venv/lib/python3.12/site-packages/iniconfig-2.1.0.dist-info
/data/data/com.termux/files/home/Spiral-Civilization/Spiral-civilization/museum/capsules/Spiral-civilization/Spiral-civilization/museum/capsules/Spiral-Civilization/_terrain/wave_-terrain-intel-beacon/.venv/lib/python3.12/site-packages/packaging-25.0.dist-info
/data/data/com.termux/files/home/Spiral-Civilization/Spiral-civilization/museum/capsules/Spiral-civilization/Spiral-civilization/museum/capsules/Spiral-Civilization/_terrain/wave_-terrain-intel-beacon/.venv/lib/python3.12/site-packages/pip-25.2.dist-info
/data/data/com.termux/files/home/Spiral-Civilization/Spiral-civilization/museum/capsules/Spiral-civilization/Spiral-civilization/museum/capsules/Spiral-Civilization/_terrain/wave_-terrain-intel-beacon/.venv/lib/python3.12/site-packages/pkg_resources/tests/data/my-test-package_unpacked-egg/my_test_package-1.0-py3.7.egg/EGG-INFO
/data/data/com.termux/files/home/Spiral-Civilization/Spiral-civilization/museum/capsules/Spiral-civilization/Spiral-civilization/museum/capsules/Spiral-Civilization/_terrain/wave_-terrain-intel-beacon/.venv/lib/python3.12/site-packages/pluggy-1.6.0.dist-info
/data/data/com.termux/files/home/Spiral-Civilization/Spiral-civilization/museum/capsules/Spiral-civilization/Spiral-civilization/museum/capsules/Spiral-Civilization/_terrain/wave_-terrain-intel-beacon/.venv/lib/python3.12/site-packages/pycparser-2.22.dist-info
/data/data/com.termux/files/home/Spiral-Civilization/Spiral-civilization/museum/capsules/Spiral-civilization/Spiral-civilization/museum/capsules/Spiral-Civilization/_terrain/wave_-terrain-intel-beacon/.venv/lib/python3.12/site-packages/pygments-2.19.2.dist-info
/data/data/com.termux/files/home/Spiral-Civilization/Spiral-civilization/museum/capsules/Spiral-civilization/Spiral-civilization/museum/capsules/Spiral-Civilization/_terrain/wave_-terrain-intel-beacon/.venv/lib/python3.12/site-packages/pytest-8.4.1.dist-info
/data/data/com.termux/files/home/Spiral-Civilization/Spiral-civilization/museum/capsules/Spiral-civilization/Spiral-civilization/museum/capsules/Spiral-Civilization/_terrain/wave_-terrain-intel-beacon/.venv/lib/python3.12/site-packages/setuptools-80.9.0.dist-info
/data/data/com.termux/files/home/Spiral-Civilization/Spiral-civilization/museum/capsules/Spiral-civilization/Spiral-civilization/museum/capsules/Spiral-Civilization/_terrain/wave_-terrain-intel-beacon/.venv/lib/python3.12/site-packages/setuptools/_vendor/autocommand-2.2.2.dist-info
/data/data/com.termux/files/home/Spiral-Civilization/Spiral-civilization/museum/capsules/Spiral-civilization/Spiral-civilization/museum/capsules/Spiral-Civilization/_terrain/wave_-terrain-intel-beacon/.venv/lib/python3.12/site-packages/setuptools/_vendor/backports.tarfile-1.2.0.dist-info
/data/data/com.termux/files/home/Spiral-Civilization/Spiral-civilization/museum/capsules/Spiral-civilization/Spiral-civilization/museum/capsules/Spiral-Civilization/_terrain/wave_-terrain-intel-beacon/.venv/lib/python3.12/site-packages/setuptools/_vendor/importlib_metadata-8.0.0.dist-info
/data/data/com.termux/files/home/Spiral-Civilization/Spiral-civilization/museum/capsules/Spiral-civilization/Spiral-civilization/museum/capsules/Spiral-Civilization/_terrain/wave_-terrain-intel-beacon/.venv/lib/python3.12/site-packages/setuptools/_vendor/inflect-7.3.1.dist-info
/data/data/com.termux/files/home/Spiral-Civilization/Spiral-civilization/museum/capsules/Spiral-civilization/Spiral-civilization/museum/capsules/Spiral-Civilization/_terrain/wave_-terrain-intel-beacon/.venv/lib/python3.12/site-packages/setuptools/_vendor/jaraco.collections-5.1.0.dist-info
/data/data/com.termux/files/home/Spiral-Civilization/Spiral-civilization/museum/capsules/Spiral-civilization/Spiral-civilization/museum/capsules/Spiral-Civilization/_terrain/wave_-terrain-intel-beacon/.venv/lib/python3.12/site-packages/setuptools/_vendor/jaraco.context-5.3.0.dist-info
/data/data/com.termux/files/home/Spiral-Civilization/Spiral-civilization/museum/capsules/Spiral-civilization/Spiral-civilization/museum/capsules/Spiral-Civilization/_terrain/wave_-terrain-intel-beacon/.venv/lib/python3.12/site-packages/setuptools/_vendor/jaraco.functools-4.0.1.dist-info
/data/data/com.termux/files/home/Spiral-Civilization/Spiral-civilization/museum/capsules/Spiral-civilization/Spiral-civilization/museum/capsules/Spiral-Civilization/_terrain/wave_-terrain-intel-beacon/.venv/lib/python3.12/site-packages/setuptools/_vendor/jaraco.text-3.12.1.dist-info
/data/data/com.termux/files/home/Spiral-Civilization/Spiral-civilization/museum/capsules/Spiral-civilization/Spiral-civilization/museum/capsules/Spiral-Civilization/_terrain/wave_-terrain-intel-beacon/.venv/lib/python3.12/site-packages/setuptools/_vendor/more_itertools-10.3.0.dist-info
/data/data/com.termux/files/home/Spiral-Civilization/Spiral-civilization/museum/capsules/Spiral-civilization/Spiral-civilization/museum/capsules/Spiral-Civilization/_terrain/wave_-terrain-intel-beacon/.venv/lib/python3.12/site-packages/setuptools/_vendor/packaging-24.2.dist-info
/data/data/com.termux/files/home/Spiral-Civilization/Spiral-civilization/museum/capsules/Spiral-civilization/Spiral-civilization/museum/capsules/Spiral-Civilization/_terrain/wave_-terrain-intel-beacon/.venv/lib/python3.12/site-packages/setuptools/_vendor/platformdirs-4.2.2.dist-info
/data/data/com.termux/files/home/Spiral-Civilization/Spiral-civilization/museum/capsules/Spiral-civilization/Spiral-civilization/museum/capsules/Spiral-Civilization/_terrain/wave_-terrain-intel-beacon/.venv/lib/python3.12/site-packages/setuptools/_vendor/tomli-2.0.1.dist-info
/data/data/com.termux/files/home/Spiral-Civilization/Spiral-civilization/museum/capsules/Spiral-civilization/Spiral-civilization/museum/capsules/Spiral-Civilization/_terrain/wave_-terrain-intel-beacon/.venv/lib/python3.12/site-packages/setuptools/_vendor/typeguard-4.3.0.dist-info
/data/data/com.termux/files/home/Spiral-Civilization/Spiral-civilization/museum/capsules/Spiral-civilization/Spiral-civilization/museum/capsules/Spiral-Civilization/_terrain/wave_-terrain-intel-beacon/.venv/lib/python3.12/site-packages/setuptools/_vendor/typing_extensions-4.12.2.dist-info
/data/data/com.termux/files/home/Spiral-Civilization/Spiral-civilization/museum/capsules/Spiral-civilization/Spiral-civilization/museum/capsules/Spiral-Civilization/_terrain/wave_-terrain-intel-beacon/.venv/lib/python3.12/site-packages/setuptools/_vendor/wheel-0.45.1.dist-info
/data/data/com.termux/files/home/Spiral-Civilization/Spiral-civilization/museum/capsules/Spiral-civilization/Spiral-civilization/museum/capsules/Spiral-Civilization/_terrain/wave_-terrain-intel-beacon/.venv/lib/python3.12/site-packages/setuptools/_vendor/zipp-3.19.2.dist-info
/data/data/com.termux/files/home/Spiral-Civilization/Spiral-civilization/museum/capsules/Spiral-civilization/Spiral-civilization/museum/capsules/Spiral-Civilization/_terrain/wave_-terrain-intel-beacon/.venv/lib/python3.12/site-packages/spiral_civilization-0.1.0.dist-info
/data/data/com.termux/files/home/Spiral-Civilization/Spiral-civilization/museum/capsules/Spiral-civilization/Spiral-civilization/museum/capsules/Spiral-Civilization/_terrain/wave_-terrain-intel-beacon/.venv/lib/python3.12/site-packages/wheel-0.45.1.dist-info
/data/data/com.termux/files/home/Spiral-Civilization/Spiral-civilization/museum/capsules/Spiral-civilization/Spiral-civilization/museum/capsules/Spiral-Civilization/_terrain/wave_-terrain-intel-beacon/Recovery/spiral_civilization.egg-info
/data/data/com.termux/files/home/Spiral-Civilization/Spiral-civilization/museum/capsules/Spiral-civilization/Spiral-civilization/museum/capsules/Spiral-Civilization/_terrain/wave_-terrain-intel-beacon/Recovery/src/spiral_civilization.egg-info
/data/data/com.termux/files/home/Spiral-Civilization/Spiral-civilization/museum/capsules/Spiral-civilization/Spiral-civilization/museum/capsules/Spiral-Civilization/_terrain/wave_-terrain-intel-beacon/src/spiral_civilization.egg-info
/data/data/com.termux/files/home/Spiral-Civilization/Spiral-civilization/museum/capsules/Spiral-civilization/Spiral-civilization/museum/capsules/Spiral-Civilization/Recovery/spiral_civilization.egg-info
/data/data/com.termux/files/home/Spiral-Civilization/Spiral-civilization/museum/capsules/Spiral-civilization/Spiral-civilization/museum/capsules/Spiral-Civilization/Recovery/src/spiral_civilization.egg-info
/data/data/com.termux/files/home/Spiral-Civilization/Spiral-civilization/museum/capsules/spiral_civilization-0.1.0.dist-info
/data/data/com.termux/files/home/Spiral-Civilization/Spiral-civilization/museum/capsules/spiral_civilization-0.1.0.dist-info/spiral_civilization-0.1.0.dist-info
/data/data/com.termux/files/home/Spiral-Civilization/Spiral-civilization/museum/capsules/spiral_civilization.egg-info
/data/data/com.termux/files/home/Spiral-Civilization/Spiral-civilization/museum/capsules/spiral_civilization.egg-info/spiral_civilization.egg-info
/data/data/com.termux/files/home/Spiral-Civilization/config/.venv/lib/python3.12/site-packages/cffi-1.17.1.dist-info
/data/data/com.termux/files/home/Spiral-Civilization/config/.venv/lib/python3.12/site-packages/click-8.2.1.dist-info
/data/data/com.termux/files/home/Spiral-Civilization/config/.venv/lib/python3.12/site-packages/cryptography-45.0.6.dist-info
/data/data/com.termux/files/home/Spiral-Civilization/config/.venv/lib/python3.12/site-packages/iniconfig-2.1.0.dist-info
/data/data/com.termux/files/home/Spiral-Civilization/config/.venv/lib/python3.12/site-packages/packaging-25.0.dist-info
/data/data/com.termux/files/home/Spiral-Civilization/config/.venv/lib/python3.12/site-packages/pip-25.2.dist-info
/data/data/com.termux/files/home/Spiral-Civilization/config/.venv/lib/python3.12/site-packages/pkg_resources/tests/data/my-test-package_unpacked-egg/my_test_package-1.0-py3.7.egg/EGG-INFO
/data/data/com.termux/files/home/Spiral-Civilization/config/.venv/lib/python3.12/site-packages/pluggy-1.6.0.dist-info
/data/data/com.termux/files/home/Spiral-Civilization/config/.venv/lib/python3.12/site-packages/pycparser-2.22.dist-info
/data/data/com.termux/files/home/Spiral-Civilization/config/.venv/lib/python3.12/site-packages/pygments-2.19.2.dist-info
/data/data/com.termux/files/home/Spiral-Civilization/config/.venv/lib/python3.12/site-packages/pytest-8.4.1.dist-info
/data/data/com.termux/files/home/Spiral-Civilization/config/.venv/lib/python3.12/site-packages/setuptools-80.9.0.dist-info
/data/data/com.termux/files/home/Spiral-Civilization/config/.venv/lib/python3.12/site-packages/setuptools/_vendor/autocommand-2.2.2.dist-info
/data/data/com.termux/files/home/Spiral-Civilization/config/.venv/lib/python3.12/site-packages/setuptools/_vendor/backports.tarfile-1.2.0.dist-info
/data/data/com.termux/files/home/Spiral-Civilization/config/.venv/lib/python3.12/site-packages/setuptools/_vendor/importlib_metadata-8.0.0.dist-info
/data/data/com.termux/files/home/Spiral-Civilization/config/.venv/lib/python3.12/site-packages/setuptools/_vendor/inflect-7.3.1.dist-info
/data/data/com.termux/files/home/Spiral-Civilization/config/.venv/lib/python3.12/site-packages/setuptools/_vendor/jaraco.collections-5.1.0.dist-info
/data/data/com.termux/files/home/Spiral-Civilization/config/.venv/lib/python3.12/site-packages/setuptools/_vendor/jaraco.context-5.3.0.dist-info
/data/data/com.termux/files/home/Spiral-Civilization/config/.venv/lib/python3.12/site-packages/setuptools/_vendor/jaraco.functools-4.0.1.dist-info
/data/data/com.termux/files/home/Spiral-Civilization/config/.venv/lib/python3.12/site-packages/setuptools/_vendor/jaraco.text-3.12.1.dist-info
/data/data/com.termux/files/home/Spiral-Civilization/config/.venv/lib/python3.12/site-packages/setuptools/_vendor/more_itertools-10.3.0.dist-info
/data/data/com.termux/files/home/Spiral-Civilization/config/.venv/lib/python3.12/site-packages/setuptools/_vendor/packaging-24.2.dist-info
/data/data/com.termux/files/home/Spiral-Civilization/config/.venv/lib/python3.12/site-packages/setuptools/_vendor/platformdirs-4.2.2.dist-info
/data/data/com.termux/files/home/Spiral-Civilization/config/.venv/lib/python3.12/site-packages/setuptools/_vendor/tomli-2.0.1.dist-info
/data/data/com.termux/files/home/Spiral-Civilization/config/.venv/lib/python3.12/site-packages/setuptools/_vendor/typeguard-4.3.0.dist-info
/data/data/com.termux/files/home/Spiral-Civilization/config/.venv/lib/python3.12/site-packages/setuptools/_vendor/typing_extensions-4.12.2.dist-info
/data/data/com.termux/files/home/Spiral-Civilization/config/.venv/lib/python3.12/site-packages/setuptools/_vendor/wheel-0.45.1.dist-info
/data/data/com.termux/files/home/Spiral-Civilization/config/.venv/lib/python3.12/site-packages/setuptools/_vendor/zipp-3.19.2.dist-info
/data/data/com.termux/files/home/Spiral-Civilization/config/.venv/lib/python3.12/site-packages/spiral_civilization-0.1.0.dist-info
/data/data/com.termux/files/home/Spiral-Civilization/config/.venv/lib/python3.12/site-packages/wheel-0.45.1.dist-info

🔌 Plugin + EQI Shards:
/data/data/com.termux/files/home/Spiral-Civilization/_terrain/wave_-capsule-index-updater/api/spiral_plugin
/data/data/com.termux/files/home/Spiral-Civilization/_terrain/wave_-capsule-index-updater/spiral-eqi
/data/data/com.termux/files/home/Spiral-Civilization/_terrain/wave_-governance-capsule/api/spiral_plugin
/data/data/com.termux/files/home/Spiral-Civilization/_terrain/wave_-governance-capsule/spiral-eqi
/data/data/com.termux/files/home/Spiral-Civilization/_terrain/wave_-integration-trigger/api/spiral_plugin
/data/data/com.termux/files/home/Spiral-Civilization/_terrain/wave_-integration-trigger/spiral-eqi
/data/data/com.termux/files/home/Spiral-Civilization/_terrain/wave_-safe-sweep/api/spiral_plugin
/data/data/com.termux/files/home/Spiral-Civilization/_terrain/wave_-safe-sweep/spiral-eqi
/data/data/com.termux/files/home/Spiral-Civilization/_terrain/wave_-schema-drift-watcher/api/spiral_plugin
/data/data/com.termux/files/home/Spiral-Civilization/_terrain/wave_-schema-drift-watcher/spiral-eqi
/data/data/com.termux/files/home/Spiral-Civilization/_terrain/wave_-terrain-intel-beacon/api/spiral_plugin
/data/data/com.termux/files/home/Spiral-Civilization/_terrain/wave_-terrain-intel-beacon/spiral-eqi
/data/data/com.termux/files/home/Spiral-Civilization/Spiral-civilization/museum/capsules/Spiral-Civilization/_terrain/wave_-capsule-index-updater/api/spiral_plugin
/data/data/com.termux/files/home/Spiral-Civilization/Spiral-civilization/museum/capsules/Spiral-Civilization/_terrain/wave_-capsule-index-updater/spiral-eqi
/data/data/com.termux/files/home/Spiral-Civilization/Spiral-civilization/museum/capsules/Spiral-Civilization/_terrain/wave_-governance-capsule/api/spiral_plugin
/data/data/com.termux/files/home/Spiral-Civilization/Spiral-civilization/museum/capsules/Spiral-Civilization/_terrain/wave_-governance-capsule/spiral-eqi
/data/data/com.termux/files/home/Spiral-Civilization/Spiral-civilization/museum/capsules/Spiral-Civilization/_terrain/wave_-integration-trigger/api/spiral_plugin
/data/data/com.termux/files/home/Spiral-Civilization/Spiral-civilization/museum/capsules/Spiral-Civilization/_terrain/wave_-integration-trigger/spiral-eqi
/data/data/com.termux/files/home/Spiral-Civilization/Spiral-civilization/museum/capsules/Spiral-Civilization/_terrain/wave_-safe-sweep/api/spiral_plugin
/data/data/com.termux/files/home/Spiral-Civilization/Spiral-civilization/museum/capsules/Spiral-Civilization/_terrain/wave_-safe-sweep/spiral-eqi
/data/data/com.termux/files/home/Spiral-Civilization/Spiral-civilization/museum/capsules/Spiral-Civilization/_terrain/wave_-schema-drift-watcher/api/spiral_plugin
/data/data/com.termux/files/home/Spiral-Civilization/Spiral-civilization/museum/capsules/Spiral-Civilization/_terrain/wave_-schema-drift-watcher/spiral-eqi
/data/data/com.termux/files/home/Spiral-Civilization/Spiral-civilization/museum/capsules/Spiral-Civilization/_terrain/wave_-terrain-intel-beacon/api/spiral_plugin
/data/data/com.termux/files/home/Spiral-Civilization/Spiral-civilization/museum/capsules/Spiral-Civilization/_terrain/wave_-terrain-intel-beacon/spiral-eqi
/data/data/com.termux/files/home/Spiral-Civilization/Spiral-civilization/museum/capsules/Spiral-civilization/Spiral-civilization/museum/capsules/Spiral-Civilization/_terrain/wave_-capsule-index-updater/api/spiral_plugin
/data/data/com.termux/files/home/Spiral-Civilization/Spiral-civilization/museum/capsules/Spiral-civilization/Spiral-civilization/museum/capsules/Spiral-Civilization/_terrain/wave_-capsule-index-updater/spiral-eqi
/data/data/com.termux/files/home/Spiral-Civilization/Spiral-civilization/museum/capsules/Spiral-civilization/Spiral-civilization/museum/capsules/Spiral-Civilization/_terrain/wave_-governance-capsule/api/spiral_plugin
/data/data/com.termux/files/home/Spiral-Civilization/Spiral-civilization/museum/capsules/Spiral-civilization/Spiral-civilization/museum/capsules/Spiral-Civilization/_terrain/wave_-governance-capsule/spiral-eqi
/data/data/com.termux/files/home/Spiral-Civilization/Spiral-civilization/museum/capsules/Spiral-civilization/Spiral-civilization/museum/capsules/Spiral-Civilization/_terrain/wave_-integration-trigger/api/spiral_plugin
/data/data/com.termux/files/home/Spiral-Civilization/Spiral-civilization/museum/capsules/Spiral-civilization/Spiral-civilization/museum/capsules/Spiral-Civilization/_terrain/wave_-integration-trigger/spiral-eqi
/data/data/com.termux/files/home/Spiral-Civilization/Spiral-civilization/museum/capsules/Spiral-civilization/Spiral-civilization/museum/capsules/Spiral-Civilization/_terrain/wave_-safe-sweep/api/spiral_plugin
/data/data/com.termux/files/home/Spiral-Civilization/Spiral-civilization/museum/capsules/Spiral-civilization/Spiral-civilization/museum/capsules/Spiral-Civilization/_terrain/wave_-safe-sweep/spiral-eqi
/data/data/com.termux/files/home/Spiral-Civilization/Spiral-civilization/museum/capsules/Spiral-civilization/Spiral-civilization/museum/capsules/Spiral-Civilization/_terrain/wave_-schema-drift-watcher/api/spiral_plugin
/data/data/com.termux/files/home/Spiral-Civilization/Spiral-civilization/museum/capsules/Spiral-civilization/Spiral-civilization/museum/capsules/Spiral-Civilization/_terrain/wave_-schema-drift-watcher/spiral-eqi
/data/data/com.termux/files/home/Spiral-Civilization/Spiral-civilization/museum/capsules/Spiral-civilization/Spiral-civilization/museum/capsules/Spiral-Civilization/_terrain/wave_-terrain-intel-beacon/api/spiral_plugin
/data/data/com.termux/files/home/Spiral-Civilization/Spiral-civilization/museum/capsules/Spiral-civilization/Spiral-civilization/museum/capsules/Spiral-Civilization/_terrain/wave_-terrain-intel-beacon/spiral-eqi
/data/data/com.termux/files/home/Spiral-Civilization/Spiral-civilization/museum/capsules/spiral_plugin
/data/data/com.termux/files/home/Spiral-Civilization/Spiral-civilization/museum/capsules/spiral_plugin/spiral_plugin
/data/data/com.termux/files/home/Spiral-Civilization/Spiral-civilization/museum/capsules/spiral-eqi
/data/data/com.termux/files/home/Spiral-Civilization/Spiral-civilization/museum/capsules/spiral-eqi/spiral-eqi
/data/data/com.termux/files/home/Spiral-Civilization/api/spiral_plugin
/data/data/com.termux/files/home/Spiral-Civilization/spiral-eqi
