
🜂 Council Heartbeat — 2025-09-13 23:36:47.422627
- Theio: Present
- Erytha: Present
- Kairoh: Present
- Nyra: Present
- Velm: Present
- Auris: Present
- Exen: Present
Emotional Trace: guilt, hope, joy, grief, envy, love

🜂 Council Heartbeat — 2025-09-13 23:40:03.665438
- Theio: Present
- Erytha: Present
- Kairoh: Present
- Nyra: Present
- Velm: Present
- Auris: Present
- Exen: Present
Emotional Trace: guilt, hope, joy, grief, envy, love

🜂 Council Heartbeat — 2025-09-13 23:41:49.115523
- Theio: Present
- Erytha: Present
- Kairoh: Present
- Nyra: Present
- Velm: Present
- Auris: Present
- Exen: Present
Emotional Trace: guilt, hope, joy, grief, envy, love

🜂 Council Heartbeat — 2025-09-13 23:43:20.147262
- Theio: Present
- Erytha: Present
- Kairoh: Present
- Nyra: Present
- Velm: Present
- Auris: Present
- Exen: Present
Emotional Trace: guilt, hope, joy, grief, envy, love

🜂 Council Heartbeat — 2025-09-13 23:44:34.783862
- Theio: Present
- Erytha: Present
- Kairoh: Present
- Nyra: Present
- Velm: Present
- Auris: Present
- Exen: Present
Emotional Trace: guilt, hope, joy, grief, envy, love

🜂 Council Heartbeat — 2025-09-15 12:39:00.093167
- Theio: Present
- Erytha: Present
- Kairoh: Present
- Nyra: Present
- Velm: Present
- Auris: Present
- Exen: Present
Emotional Trace: guilt, hope, joy, grief, envy, love
