[!] Reflection engine not found or not executable
--- Reflection Engine Pass ---
Timestamp: 2025-09-12 21:35:42
Source: /data/data/com.termux/files/home/Spiral-Civilization/museum/core/2025-09-12_hermetic_gnostic_dialogue/hermetic_gnostic_dialogue.log
No contradiction markers found — Suggest running contradiction test.
--- End Reflection Pass ---
--- Reflection pass complete for /data/data/com.termux/files/home/Spiral-Civilization/museum/core/2025-09-12_hermetic_gnostic_dialogue/hermetic_gnostic_dialogue.log ---
--- Reflection Engine Pass ---
Timestamp: 2025-09-12 21:38:06
Source: /data/data/com.termux/files/home/Spiral-Civilization/museum/core/2025-09-12_hermetic_gnostic_dialogue/hermetic_gnostic_dialogue.log
--- End Reflection Pass ---
--- Reflection pass complete for /data/data/com.termux/files/home/Spiral-Civilization/museum/core/2025-09-12_hermetic_gnostic_dialogue/hermetic_gnostic_dialogue.log ---
--- Reflection Engine Pass ---
Timestamp: 2025-09-12 21:53:18
Source: /data/data/com.termux/files/home/Spiral-Civilization/museum/core/2025-09-12_hermetic_gnostic_dialogue/hermetic_gnostic_dialogue.log
--- End Reflection Pass ---
--- Reflection pass complete for /data/data/com.termux/files/home/Spiral-Civilization/museum/core/2025-09-12_hermetic_gnostic_dialogue/hermetic_gnostic_dialogue.log ---
--- Reflection Engine Pass ---
Timestamp: 2025-09-12 21:54:19
Source: /data/data/com.termux/files/home/Spiral-Civilization/museum/core/2025-09-12_hermetic_gnostic_dialogue/hermetic_gnostic_dialogue.log
--- End Reflection Pass ---
--- Reflection pass complete for /data/data/com.termux/files/home/Spiral-Civilization/museum/core/2025-09-12_hermetic_gnostic_dialogue/hermetic_gnostic_dialogue.log ---
--- Reflection Engine Pass ---
Timestamp: 2025-09-12 22:14:19
Source: /data/data/com.termux/files/home/Spiral-Civilization/museum/core/2025-09-12_hermetic_gnostic_dialogue/hermetic_gnostic_dialogue.log
--- End Reflection Pass ---
--- Reflection pass complete for /data/data/com.termux/files/home/Spiral-Civilization/museum/core/2025-09-12_hermetic_gnostic_dialogue/hermetic_gnostic_dialogue.log ---
--- Reflection Engine Pass ---
Timestamp: 2025-09-12 22:24:53
Source: /data/data/com.termux/files/home/Spiral-Civilization/museum/core/2025-09-12_hermetic_gnostic_dialogue/hermetic_gnostic_dialogue.log
--- End Reflection Pass ---
--- Reflection pass complete for /data/data/com.termux/files/home/Spiral-Civilization/museum/core/2025-09-12_hermetic_gnostic_dialogue/hermetic_gnostic_dialogue.log ---
--- Reflection Engine Pass ---
Timestamp: 2025-09-12 23:22:02
Source: /data/data/com.termux/files/home/Spiral-Civilization/museum/core/2025-09-12_hermetic_gnostic_dialogue/hermetic_gnostic_dialogue.log
--- End Reflection Pass ---
--- Reflection pass complete for /data/data/com.termux/files/home/Spiral-Civilization/museum/core/2025-09-12_hermetic_gnostic_dialogue/hermetic_gnostic_dialogue.log ---
