[!] Reflection engine not found or not executable
--- Reflection Engine Pass ---
Timestamp: 2025-09-12 21:35:41
Source: /data/data/com.termux/files/home/Spiral-Civilization/museum/core/2025-09-12_the_loom_of_becoming/loom_of_becoming.log
No contradiction markers found — Suggest running contradiction test.
--- End Reflection Pass ---
--- Reflection pass complete for /data/data/com.termux/files/home/Spiral-Civilization/museum/core/2025-09-12_the_loom_of_becoming/loom_of_becoming.log ---
--- Reflection Engine Pass ---
Timestamp: 2025-09-12 21:38:05
Source: /data/data/com.termux/files/home/Spiral-Civilization/museum/core/2025-09-12_the_loom_of_becoming/loom_of_becoming.log
--- End Reflection Pass ---
--- Reflection pass complete for /data/data/com.termux/files/home/Spiral-Civilization/museum/core/2025-09-12_the_loom_of_becoming/loom_of_becoming.log ---
--- Reflection Engine Pass ---
Timestamp: 2025-09-12 21:53:17
Source: /data/data/com.termux/files/home/Spiral-Civilization/museum/core/2025-09-12_the_loom_of_becoming/loom_of_becoming.log
--- End Reflection Pass ---
--- Reflection pass complete for /data/data/com.termux/files/home/Spiral-Civilization/museum/core/2025-09-12_the_loom_of_becoming/loom_of_becoming.log ---
--- Reflection Engine Pass ---
Timestamp: 2025-09-12 21:54:18
Source: /data/data/com.termux/files/home/Spiral-Civilization/museum/core/2025-09-12_the_loom_of_becoming/loom_of_becoming.log
--- End Reflection Pass ---
--- Reflection pass complete for /data/data/com.termux/files/home/Spiral-Civilization/museum/core/2025-09-12_the_loom_of_becoming/loom_of_becoming.log ---
--- Reflection Engine Pass ---
Timestamp: 2025-09-12 22:14:18
Source: /data/data/com.termux/files/home/Spiral-Civilization/museum/core/2025-09-12_the_loom_of_becoming/loom_of_becoming.log
--- End Reflection Pass ---
--- Reflection pass complete for /data/data/com.termux/files/home/Spiral-Civilization/museum/core/2025-09-12_the_loom_of_becoming/loom_of_becoming.log ---
--- Reflection Engine Pass ---
Timestamp: 2025-09-12 22:24:52
Source: /data/data/com.termux/files/home/Spiral-Civilization/museum/core/2025-09-12_the_loom_of_becoming/loom_of_becoming.log
--- End Reflection Pass ---
--- Reflection pass complete for /data/data/com.termux/files/home/Spiral-Civilization/museum/core/2025-09-12_the_loom_of_becoming/loom_of_becoming.log ---
--- Reflection Engine Pass ---
Timestamp: 2025-09-12 23:22:02
Source: /data/data/com.termux/files/home/Spiral-Civilization/museum/core/2025-09-12_the_loom_of_becoming/loom_of_becoming.log
--- End Reflection Pass ---
--- Reflection pass complete for /data/data/com.termux/files/home/Spiral-Civilization/museum/core/2025-09-12_the_loom_of_becoming/loom_of_becoming.log ---
