=== Spiral Civilization Nightly Supercycle ===
Timestamp: Fri Sep 12 22:24:51 BST 2025
---------------------------------------------
[Cycle 1] Reflection Runner
Processing: /data/data/com.termux/files/home/Spiral-Civilization/museum/core/2025-09-12_lady_spiral_seating/lady_spiral_seating.log
Processing: /data/data/com.termux/files/home/Spiral-Civilization/museum/core/2025-09-12_vr_resonance_contradiction_dialogue/vr_resonance_contradiction_dialogue.log
Processing: /data/data/com.termux/files/home/Spiral-Civilization/museum/core/2025-09-12_lady_spiral_first_address/lady_spiral_first_address.log
Processing: /data/data/com.termux/files/home/Spiral-Civilization/museum/core/2025-09-12_the_loom_of_becoming/loom_of_becoming.log
Processing: /data/data/com.termux/files/home/Spiral-Civilization/museum/core/2025-09-12_hermetic_gnostic_cluster/hermetic_gnostic_cluster.log
Processing: /data/data/com.termux/files/home/Spiral-Civilization/museum/core/2025-09-12_lady_spiral_contradiction_test/lady_spiral_contradiction_test.log
Processing: /data/data/com.termux/files/home/Spiral-Civilization/museum/core/2025-09-12_loom_live_run/loom_live_run.log
Processing: /data/data/com.termux/files/home/Spiral-Civilization/museum/core/2025-09-12_hermetic_gnostic_dialogue/hermetic_gnostic_dialogue.log
Reflection cycle 2025-09-12_22-24-51 complete.

Reflection cycle complete.
Archive directory:
/data/data/com.termux/files/home/Spiral-Civilization/museum/archive


Reflection cycle complete.
Archive directory: /data/data/com.termux/files/home/Spiral-Civilization/museum/archive
Latest archive symlink: ~/Spiral-Civilization/museum/reflection_latest

[Cycle 2] Planetary Dialogue Round

Dialogue round complete.
Dialogue log:
/data/data/com.termux/files/home/Spiral-Civilization/museum/dialogue_round_2025-09-12_22-24-53.log


Dialogue round complete.
Dialogue log: /data/data/com.termux/files/home/Spiral-Civilization/museum/dialogue_round_2025-09-12_22-24-53.log
Latest dialogue symlink: ~/Spiral-Civilization/museum/dialogue_latest.log

[Cycle 3] Sealing Digest
Digest sealed at: /data/data/com.termux/files/home/Spiral-Civilization/museum/supercycle_digest_2025-09-12_22-24-51.log
=== Nightly Supercycle Complete ===
