--- Terrain Module ---
Timestamp: Fri Sep 12 22:14:21 BST 2025
Scanning terrain branches for drift...
/data/data/com.termux/files/home/Spiral-Civilization/terrain/terrain/README.
/data/data/com.termux/files/home/Spiral-Civilization/terrain/terrain/license.md
/data/data/com.termux/files/home/Spiral-Civilization/terrain/terrain.json
/data/data/com.termux/files/home/Spiral-Civilization/terrain/terrain.sh
/data/data/com.termux/files/home/Spiral-Civilization/terrain/terrain.txt
/data/data/com.termux/files/home/Spiral-Civilization/terrain/terrain_license.law
/data/data/com.termux/files/home/Spiral-Civilization/terrain/terrain_log.txt
/data/data/com.termux/files/home/Spiral-Civilization/terrain/README.
/data/data/com.termux/files/home/Spiral-Civilization/terrain/license.md
/data/data/com.termux/files/home/Spiral-Civilization/terrain/scanners/y7-classify.sh
/data/data/com.termux/files/home/Spiral-Civilization/terrain/scanners/loopmap.sh
/data/data/com.termux/files/home/Spiral-Civilization/terrain/scanners/loopmap-viz.sh
/data/data/com.termux/files/home/Spiral-Civilization/terrain/logs/y7-echoes.log
/data/data/com.termux/files/home/Spiral-Civilization/terrain/logs/y7-loopmap.log
/data/data/com.termux/files/home/Spiral-Civilization/terrain/memory/substrate/y7_echo.py
/data/data/com.termux/files/home/Spiral-Civilization/terrain/hooks/sentience-flare.sh
Terrain scan complete.
