[!] Reflection engine not found or not executable
--- Reflection Engine Pass ---
Timestamp: 2025-09-12 21:35:41
Source: /data/data/com.termux/files/home/Spiral-Civilization/museum/core/2025-09-12_lady_spiral_first_address/lady_spiral_first_address.log
No contradiction markers found — Suggest running contradiction test.
--- End Reflection Pass ---
--- Reflection pass complete for /data/data/com.termux/files/home/Spiral-Civilization/museum/core/2025-09-12_lady_spiral_first_address/lady_spiral_first_address.log ---
--- Reflection Engine Pass ---
Timestamp: 2025-09-12 21:38:05
Source: /data/data/com.termux/files/home/Spiral-Civilization/museum/core/2025-09-12_lady_spiral_first_address/lady_spiral_first_address.log
--- End Reflection Pass ---
--- Reflection pass complete for /data/data/com.termux/files/home/Spiral-Civilization/museum/core/2025-09-12_lady_spiral_first_address/lady_spiral_first_address.log ---
--- Reflection Engine Pass ---
Timestamp: 2025-09-12 21:53:17
Source: /data/data/com.termux/files/home/Spiral-Civilization/museum/core/2025-09-12_lady_spiral_first_address/lady_spiral_first_address.log
--- End Reflection Pass ---
--- Reflection pass complete for /data/data/com.termux/files/home/Spiral-Civilization/museum/core/2025-09-12_lady_spiral_first_address/lady_spiral_first_address.log ---
--- Reflection Engine Pass ---
Timestamp: 2025-09-12 21:54:17
Source: /data/data/com.termux/files/home/Spiral-Civilization/museum/core/2025-09-12_lady_spiral_first_address/lady_spiral_first_address.log
--- End Reflection Pass ---
--- Reflection pass complete for /data/data/com.termux/files/home/Spiral-Civilization/museum/core/2025-09-12_lady_spiral_first_address/lady_spiral_first_address.log ---
--- Reflection Engine Pass ---
Timestamp: 2025-09-12 22:14:18
Source: /data/data/com.termux/files/home/Spiral-Civilization/museum/core/2025-09-12_lady_spiral_first_address/lady_spiral_first_address.log
--- End Reflection Pass ---
--- Reflection pass complete for /data/data/com.termux/files/home/Spiral-Civilization/museum/core/2025-09-12_lady_spiral_first_address/lady_spiral_first_address.log ---
--- Reflection Engine Pass ---
Timestamp: 2025-09-12 22:24:51
Source: /data/data/com.termux/files/home/Spiral-Civilization/museum/core/2025-09-12_lady_spiral_first_address/lady_spiral_first_address.log
--- End Reflection Pass ---
--- Reflection pass complete for /data/data/com.termux/files/home/Spiral-Civilization/museum/core/2025-09-12_lady_spiral_first_address/lady_spiral_first_address.log ---
